<?xml version="1.0" encoding="UTF-8"?>
<!-- Generated by org.testng.reporters.JUnitXMLReporter -->
<testsuite ignored="0" hostname="DESKTOP-HR4HVE7" failures="1" tests="4" name="Test" time="28.344" errors="0" timestamp="2022-06-04T20:54:43 IST">
  <testcase classname="com.learning.testcases.LoginHRMTest" name="titleValidationUsingPageFactoryWay" time="5.282"/>
  <testcase classname="com.learning.testcases.LoginHRMSecondTest" name="titleValidationUsingPageFactoryWay" time="5.083">
    <failure type="java.lang.AssertionError" message="Title doesn&amp;apos;t match expected [OrangeHRM123] but found [OrangeHRM]">
      <![CDATA[java.lang.AssertionError: Title doesn't match expected [OrangeHRM123] but found [OrangeHRM]
at com.learning.testcases.LoginHRMSecondTest.titleValidationUsingPageFactoryWay(LoginHRMSecondTest.java:24)
at java.base/java.util.concurrent.ThreadPoolExecutor.runWorker(ThreadPoolExecutor.java:1136)
at java.base/java.util.concurrent.ThreadPoolExecutor$Worker.run(ThreadPoolExecutor.java:635)
at java.base/java.lang.Thread.run(Thread.java:833)
... Removed 17 stack frames]]>
    </failure>
  </testcase> <!-- titleValidationUsingPageFactoryWay -->
  <testcase classname="com.learning.testcases.LoginHRMTest" name="titleValidationTestUsingByLocatorWay" time="7.78"/>
  <testcase classname="com.learning.testcases.LoginHRMTest" name="titleValidationTestUsingByLocatorWay" time="7.003"/>
</testsuite> <!-- Test -->
