<?xml version="1.0" encoding="UTF-8"?>
<testng-results ignored="0" total="4" passed="3" failed="1" skipped="0">
  <reporter-output>
  </reporter-output>
  <suite started-at="2022-06-04T20:54:15 IST" name="Suite" finished-at="2022-06-04T20:54:43 IST" duration-ms="28344">
    <groups>
    </groups>
    <test started-at="2022-06-04T20:54:15 IST" name="Test" finished-at="2022-06-04T20:54:43 IST" duration-ms="28344">
      <class name="com.learning.testcases.LoginHRMTest">
        <test-method is-config="true" signature="setUp()[pri:0, instance:com.learning.testcases.LoginHRMTest@212b5695]" started-at="2022-06-04T20:54:15 IST" name="setUp" finished-at="2022-06-04T20:54:22 IST" duration-ms="7467" status="PASS">
          <reporter-output>
          </reporter-output>
        </test-method> <!-- setUp -->
        <test-method is-config="true" signature="setUp()[pri:0, instance:com.learning.testcases.LoginHRMTest@212b5695]" started-at="2022-06-04T20:54:16 IST" name="setUp" finished-at="2022-06-04T20:54:22 IST" duration-ms="6549" status="PASS">
          <reporter-output>
          </reporter-output>
        </test-method> <!-- setUp -->
        <test-method signature="titleValidationTestUsingByLocatorWay(java.lang.String,java.lang.String,java.lang.String)[pri:0, instance:com.learning.testcases.LoginHRMTest@212b5695]" started-at="2022-06-04T20:54:22 IST" name="titleValidationTestUsingByLocatorWay" description="To check title of OrangeHRM homepage title using By Locator Way" data-provider="getData" finished-at="2022-06-04T20:54:30 IST" duration-ms="7780" status="PASS">
          <params>
            <param index="0">
              <value>
                <![CDATA[Admin]]>
              </value>
            </param>
            <param index="1">
              <value>
                <![CDATA[admin123]]>
              </value>
            </param>
            <param index="2">
              <value>
                <![CDATA[OrangeHRM]]>
              </value>
            </param>
          </params>
          <reporter-output>
          </reporter-output>
        </test-method> <!-- titleValidationTestUsingByLocatorWay -->
        <test-method signature="titleValidationUsingPageFactoryWay()[pri:0, instance:com.learning.testcases.LoginHRMTest@212b5695]" started-at="2022-06-04T20:54:22 IST" name="titleValidationUsingPageFactoryWay" description="To check title of OrangeHRM homepage title using Page Factory Way" finished-at="2022-06-04T20:54:28 IST" duration-ms="5282" status="PASS">
          <reporter-output>
          </reporter-output>
        </test-method> <!-- titleValidationUsingPageFactoryWay -->
        <test-method is-config="true" signature="tearDown()[pri:0, instance:com.learning.testcases.LoginHRMTest@212b5695]" started-at="2022-06-04T20:54:28 IST" name="tearDown" finished-at="2022-06-04T20:54:28 IST" duration-ms="286" status="PASS">
          <reporter-output>
          </reporter-output>
        </test-method> <!-- tearDown -->
        <test-method is-config="true" signature="tearDown()[pri:0, instance:com.learning.testcases.LoginHRMTest@212b5695]" started-at="2022-06-04T20:54:30 IST" name="tearDown" finished-at="2022-06-04T20:54:30 IST" duration-ms="227" status="PASS">
          <reporter-output>
          </reporter-output>
        </test-method> <!-- tearDown -->
        <test-method is-config="true" signature="setUp()[pri:0, instance:com.learning.testcases.LoginHRMTest@212b5695]" started-at="2022-06-04T20:54:30 IST" name="setUp" finished-at="2022-06-04T20:54:36 IST" duration-ms="5376" status="PASS">
          <reporter-output>
          </reporter-output>
        </test-method> <!-- setUp -->
        <test-method signature="titleValidationTestUsingByLocatorWay(java.lang.String,java.lang.String,java.lang.String)[pri:0, instance:com.learning.testcases.LoginHRMTest@212b5695]" started-at="2022-06-04T20:54:36 IST" name="titleValidationTestUsingByLocatorWay" description="To check title of OrangeHRM homepage title using By Locator Way" data-provider="getData" finished-at="2022-06-04T20:54:43 IST" duration-ms="7003" status="PASS">
          <params>
            <param index="0">
              <value>
                <![CDATA[Kumar]]>
              </value>
            </param>
            <param index="1">
              <value>
                <![CDATA[1245]]>
              </value>
            </param>
            <param index="2">
              <value>
                <![CDATA[OrangeHRM]]>
              </value>
            </param>
          </params>
          <reporter-output>
          </reporter-output>
        </test-method> <!-- titleValidationTestUsingByLocatorWay -->
        <test-method is-config="true" signature="tearDown()[pri:0, instance:com.learning.testcases.LoginHRMTest@212b5695]" started-at="2022-06-04T20:54:43 IST" name="tearDown" finished-at="2022-06-04T20:54:43 IST" duration-ms="196" status="PASS">
          <reporter-output>
          </reporter-output>
        </test-method> <!-- tearDown -->
      </class> <!-- com.learning.testcases.LoginHRMTest -->
      <class name="com.learning.testcases.LoginHRMSecondTest">
        <test-method is-config="true" signature="setUp()[pri:0, instance:com.learning.testcases.LoginHRMSecondTest@3b6ddd1d]" started-at="2022-06-04T20:54:15 IST" name="setUp" finished-at="2022-06-04T20:54:23 IST" duration-ms="7686" status="PASS">
          <reporter-output>
          </reporter-output>
        </test-method> <!-- setUp -->
        <test-method signature="titleValidationUsingPageFactoryWay()[pri:0, instance:com.learning.testcases.LoginHRMSecondTest@3b6ddd1d]" started-at="2022-06-04T20:54:23 IST" name="titleValidationUsingPageFactoryWay" description="To check title of OrangeHRM homepage title using Page Factory Way" finished-at="2022-06-04T20:54:28 IST" duration-ms="5083" status="FAIL">
          <exception class="java.lang.AssertionError">
            <message>
              <![CDATA[Title doesn't match expected [OrangeHRM123] but found [OrangeHRM]]]>
            </message>
            <full-stacktrace>
              <![CDATA[java.lang.AssertionError: Title doesn't match expected [OrangeHRM123] but found [OrangeHRM]
at org.testng.Assert.fail(Assert.java:99)
at org.testng.Assert.failNotEquals(Assert.java:1037)
at org.testng.Assert.assertEqualsImpl(Assert.java:140)
at org.testng.Assert.assertEquals(Assert.java:122)
at org.testng.Assert.assertEquals(Assert.java:629)
at com.learning.testcases.LoginHRMSecondTest.titleValidationUsingPageFactoryWay(LoginHRMSecondTest.java:24)
at java.base/jdk.internal.reflect.NativeMethodAccessorImpl.invoke0(Native Method)
at java.base/jdk.internal.reflect.NativeMethodAccessorImpl.invoke(NativeMethodAccessorImpl.java:77)
at java.base/jdk.internal.reflect.DelegatingMethodAccessorImpl.invoke(DelegatingMethodAccessorImpl.java:43)
at java.base/java.lang.reflect.Method.invoke(Method.java:568)
at org.testng.internal.MethodInvocationHelper.invokeMethod(MethodInvocationHelper.java:133)
at org.testng.internal.TestInvoker.invokeMethod(TestInvoker.java:598)
at org.testng.internal.TestInvoker.invokeTestMethod(TestInvoker.java:173)
at org.testng.internal.MethodRunner.runInSequence(MethodRunner.java:46)
at org.testng.internal.TestInvoker$MethodInvocationAgent.invoke(TestInvoker.java:824)
at org.testng.internal.TestInvoker.invokeTestMethods(TestInvoker.java:146)
at org.testng.internal.TestMethodWorker.invokeTestMethods(TestMethodWorker.java:146)
at org.testng.internal.TestMethodWorker.run(TestMethodWorker.java:128)
at java.base/java.util.concurrent.ThreadPoolExecutor.runWorker(ThreadPoolExecutor.java:1136)
at java.base/java.util.concurrent.ThreadPoolExecutor$Worker.run(ThreadPoolExecutor.java:635)
at java.base/java.lang.Thread.run(Thread.java:833)
]]>
            </full-stacktrace>
          </exception> <!-- java.lang.AssertionError -->
          <reporter-output>
          </reporter-output>
        </test-method> <!-- titleValidationUsingPageFactoryWay -->
        <test-method is-config="true" signature="tearDown()[pri:0, instance:com.learning.testcases.LoginHRMSecondTest@3b6ddd1d]" started-at="2022-06-04T20:54:28 IST" name="tearDown" finished-at="2022-06-04T20:54:28 IST" duration-ms="305" status="PASS">
          <reporter-output>
          </reporter-output>
        </test-method> <!-- tearDown -->
      </class> <!-- com.learning.testcases.LoginHRMSecondTest -->
    </test> <!-- Test -->
  </suite> <!-- Suite -->
</testng-results>
